{
  "stats": {
    "suites": 1,
    "tests": 6,
    "passes": 4,
    "pending": 0,
    "failures": 2,
    "start": "2021-07-19T07:02:01.610Z",
    "end": "2021-07-19T07:02:12.310Z",
    "duration": 10700,
    "testsRegistered": 6,
    "passPercent": 66.66666666666666,
    "pendingPercent": 0,
    "other": 0,
    "hasOther": false,
    "skipped": 0,
    "hasSkipped": false
  },
  "results": [
    {
      "uuid": "4240b984-9527-4681-a1d6-f4b4235e9e11",
      "title": "",
      "fullFile": "cypress/integration/QA_Automation_Tasks/task_1.js",
      "file": "cypress/integration/QA_Automation_Tasks/task_1.js",
      "beforeHooks": [],
      "afterHooks": [],
      "tests": [],
      "suites": [
        {
          "uuid": "094b69bb-4bc0-4905-823d-38ea493f3655",
          "title": "Automation Test Task",
          "fullFile": "",
          "file": "",
          "beforeHooks": [],
          "afterHooks": [],
          "tests": [
            {
              "title": "Fill in the \"Username\" and \"Password\" input fields and click the Sign-up button",
              "fullTitle": "Automation Test Task Fill in the \"Username\" and \"Password\" input fields and click the Sign-up button",
              "timedOut": null,
              "duration": 5742,
              "state": "failed",
              "speed": null,
              "pass": false,
              "fail": true,
              "pending": false,
              "context": "\"assets/QA_Automation_Tasks/task_1.js/Automation Test Task -- Fill in the \\\"Username\\\" and \\\"Password\\\" input fields and click the Sign-up button (failed).png\"",
              "code": "logInPage.typeEmail(localSTdataParsed.usernames.user_1);\nlogInPage.typePassword(localSTdataParsed.passwords.password_1);\nlogInPage.submit(ELEMENTS.buttons.signup);",
              "err": {
                "message": "AssertionError: Timed out retrying after 4000ms: Expected to find content: 'Sign-up' within the element: <input.btn.btn-success> but never did.",
                "estack": "AssertionError: Timed out retrying after 4000ms: Expected to find content: 'Sign-up' within the element: <input.btn.btn-success> but never did.\n    at LogInPage.submit (https://www.pecodesoftware.com/__cypress/tests?p=cypress\\integration\\QA_Automation_Tasks\\task_1.js:260:12)\n    at Context.eval (https://www.pecodesoftware.com/__cypress/tests?p=cypress\\integration\\QA_Automation_Tasks\\task_1.js:143:15)",
                "diff": null
              },
              "uuid": "2359e89e-2080-4a41-8509-0209ec269e90",
              "parentUUID": "094b69bb-4bc0-4905-823d-38ea493f3655",
              "isHook": false,
              "skipped": false
            },
            {
              "title": "Verify that all elements are presented on the page",
              "fullTitle": "Automation Test Task Verify that all elements are presented on the page",
              "timedOut": null,
              "duration": 726,
              "state": "failed",
              "speed": null,
              "pass": false,
              "fail": true,
              "pending": false,
              "context": "\"assets/QA_Automation_Tasks/task_1.js/Automation Test Task -- Verify that all elements are presented on the page (failed).png\"",
              "code": "logInPage.verifyFields(ELEMENTS.inputs.username);\nlogInPage.verifyFields(ELEMENTS.inputs.password);\nlogInPage.verifyButtons(ELEMENTS.buttons.signup);",
              "err": {
                "message": "AssertionError: expected false to equal true",
                "estack": "AssertionError: expected false to equal true\n    at Context.eval (https://www.pecodesoftware.com/__cypress/tests?p=cypress\\integration\\QA_Automation_Tasks\\task_1.js:240:36)",
                "diff": null
              },
              "uuid": "773ac158-f3e0-45a7-b38a-65e30410f13f",
              "parentUUID": "094b69bb-4bc0-4905-823d-38ea493f3655",
              "isHook": false,
              "skipped": false
            },
            {
              "title": "Create a tast case that will fail because of unsuccessful login (TestCase_1)",
              "fullTitle": "Automation Test Task Create a tast case that will fail because of unsuccessful login (TestCase_1)",
              "timedOut": null,
              "duration": 901,
              "state": "passed",
              "speed": "slow",
              "pass": true,
              "fail": false,
              "pending": false,
              "context": null,
              "code": "logInPage.typeEmail(localSTdataParsed.usernames.user_1);\nlogInPage.typePassword(localSTdataParsed.passwords.password_1);\nlogInPage.submit(ELEMENTS.buttons.login);\nlogInPage.verifyErrors(ERRORS.error_1);",
              "err": {},
              "uuid": "6a696b9e-d2e4-489a-a465-1cbfc5ef0312",
              "parentUUID": "094b69bb-4bc0-4905-823d-38ea493f3655",
              "isHook": false,
              "skipped": false
            },
            {
              "title": "Create a tast case that will fail because of unsuccessful login (TestCase_2)",
              "fullTitle": "Automation Test Task Create a tast case that will fail because of unsuccessful login (TestCase_2)",
              "timedOut": null,
              "duration": 294,
              "state": "passed",
              "speed": "slow",
              "pass": true,
              "fail": false,
              "pending": false,
              "context": null,
              "code": "logInPage.submit(ELEMENTS.buttons.login);\nlogInPage.verifyErrors(ERRORS.error_2);\nlogInPage.verifyErrors(ERRORS.error_3);",
              "err": {},
              "uuid": "ebb00a4c-f0a3-4735-a61d-4f9b0e158738",
              "parentUUID": "094b69bb-4bc0-4905-823d-38ea493f3655",
              "isHook": false,
              "skipped": false
            },
            {
              "title": "Create a tast case that will fail because of unsuccessful login (TestCase_3)",
              "fullTitle": "Automation Test Task Create a tast case that will fail because of unsuccessful login (TestCase_3)",
              "timedOut": null,
              "duration": 587,
              "state": "passed",
              "speed": "slow",
              "pass": true,
              "fail": false,
              "pending": false,
              "context": null,
              "code": "logInPage.typePassword(localSTdataParsed.passwords.password_1);\nlogInPage.submit(ELEMENTS.buttons.login);\nlogInPage.verifyErrors(ERRORS.error_2);",
              "err": {},
              "uuid": "f76a6dd1-1eb6-438c-83ae-3086e2596648",
              "parentUUID": "094b69bb-4bc0-4905-823d-38ea493f3655",
              "isHook": false,
              "skipped": false
            },
            {
              "title": "Create a tast case that will fail because of unsuccessful login (TestCase_4)",
              "fullTitle": "Automation Test Task Create a tast case that will fail because of unsuccessful login (TestCase_4)",
              "timedOut": null,
              "duration": 553,
              "state": "passed",
              "speed": "slow",
              "pass": true,
              "fail": false,
              "pending": false,
              "context": null,
              "code": "logInPage.typeEmail(localSTdataParsed.usernames.user_1);\nlogInPage.submit(ELEMENTS.buttons.login);\nlogInPage.verifyErrors(ERRORS.error_3);",
              "err": {},
              "uuid": "0f4d05db-a7dc-48ad-9e80-211e9ebd1e6f",
              "parentUUID": "094b69bb-4bc0-4905-823d-38ea493f3655",
              "isHook": false,
              "skipped": false
            }
          ],
          "suites": [],
          "passes": [
            "6a696b9e-d2e4-489a-a465-1cbfc5ef0312",
            "ebb00a4c-f0a3-4735-a61d-4f9b0e158738",
            "f76a6dd1-1eb6-438c-83ae-3086e2596648",
            "0f4d05db-a7dc-48ad-9e80-211e9ebd1e6f"
          ],
          "failures": [
            "2359e89e-2080-4a41-8509-0209ec269e90",
            "773ac158-f3e0-45a7-b38a-65e30410f13f"
          ],
          "pending": [],
          "skipped": [],
          "duration": 8803,
          "root": false,
          "rootEmpty": false,
          "_timeout": 2000
        }
      ],
      "passes": [],
      "failures": [],
      "pending": [],
      "skipped": [],
      "duration": 0,
      "root": true,
      "rootEmpty": true,
      "_timeout": 2000
    }
  ],
  "meta": {
    "mocha": {
      "version": "7.0.1"
    },
    "mochawesome": {
      "options": {
        "quiet": false,
        "reportFilename": "report",
        "saveHtml": false,
        "saveJson": true,
        "consoleReporter": "spec",
        "useInlineDiffs": false,
        "code": true
      },
      "version": "6.2.2"
    },
    "marge": {
      "options": {
        "reportDir": "cypress\\reports\\mochareports\\.jsons",
        "reportFilename": "report",
        "overwrite": false,
        "html": false,
        "json": true,
        "charts": true
      },
      "version": "5.2.0"
    }
  }
}